\BOOKMARK [1][]{Doc-Start}{List of Tables}{}% 1
\BOOKMARK [1][]{Doc-Start}{List of Figures}{}% 2
\BOOKMARK [1][]{section.1}{1 Introduction}{}% 3
\BOOKMARK [1][]{section.2}{2 Definition and Theory}{}% 4
\BOOKMARK [2][-]{subsection.2.1}{2.1 RFM}{section.2}% 5
\BOOKMARK [2][-]{subsection.2.2}{2.2 Clustering}{section.2}% 6
\BOOKMARK [3][-]{subsubsection.2.2.1}{2.2.1 Partitioning Algorithms}{subsection.2.2}% 7
\BOOKMARK [3][-]{subsubsection.2.2.2}{2.2.2 Hierarchy Algorithms}{subsection.2.2}% 8
\BOOKMARK [3][-]{subsubsection.2.2.3}{2.2.3 Density-based Spatial Clustering of Applications with Noise \(DBSCAN\)}{subsection.2.2}% 9
\BOOKMARK [1][]{section.3}{3 Implementation and Empirical Study}{}% 10
\BOOKMARK [2][-]{subsection.3.1}{3.1 Motivation}{section.3}% 11
\BOOKMARK [2][-]{subsection.3.2}{3.2 Data Preprocessing}{section.3}% 12
\BOOKMARK [3][-]{subsubsection.3.2.1}{3.2.1 Ridding Irrelevant Variables}{subsection.3.2}% 13
\BOOKMARK [3][-]{subsubsection.3.2.2}{3.2.2 Creating Age Variable}{subsection.3.2}% 14
\BOOKMARK [3][-]{subsubsection.3.2.3}{3.2.3 Creating Gender Variable}{subsection.3.2}% 15
\BOOKMARK [3][-]{subsubsection.3.2.4}{3.2.4 Creating Customer Loyalty Variable}{subsection.3.2}% 16
\BOOKMARK [3][-]{subsubsection.3.2.5}{3.2.5 Creating Frequency Variable Based on Customer ID}{subsection.3.2}% 17
\BOOKMARK [3][-]{subsubsection.3.2.6}{3.2.6 Creating Recency of Last Order Variable}{subsection.3.2}% 18
\BOOKMARK [3][-]{subsubsection.3.2.7}{3.2.7 Putting Everyting Together}{subsection.3.2}% 19
\BOOKMARK [3][-]{subsubsection.3.2.8}{3.2.8 Creation of RFM}{subsection.3.2}% 20
\BOOKMARK [3][-]{subsubsection.3.2.9}{3.2.9 Last Minor Changes}{subsection.3.2}% 21
\BOOKMARK [2][-]{subsection.3.3}{3.3 Clustering Techniques}{section.3}% 22
\BOOKMARK [3][-]{subsubsection.3.3.1}{3.3.1 Distance/Dissimilarity Matrix}{subsection.3.3}% 23
\BOOKMARK [3][-]{subsubsection.3.3.2}{3.3.2 Determining number of clusters }{subsection.3.3}% 24
\BOOKMARK [3][-]{subsubsection.3.3.3}{3.3.3 Partitioning Clustering}{subsection.3.3}% 25
\BOOKMARK [3][-]{subsubsection.3.3.4}{3.3.4 Hierarchical Clustering}{subsection.3.3}% 26
\BOOKMARK [3][-]{subsubsection.3.3.5}{3.3.5 Density-Based Clustering-DBSCAN Algorithm}{subsection.3.3}% 27
\BOOKMARK [1][]{section.4}{4 Evaluation of different techniques }{}% 28
\BOOKMARK [1][]{section.5}{5 Conclusion}{}% 29
